#
# A fatal error has been detected by the Java Runtime Environment:
#
#  EXCEPTION_ACCESS_VIOLATION (0xc0000005) at pc=0x000001e21ec8d240, pid=15388, tid=16612
#
# JRE version: Java(TM) SE Runtime Environment (19.0.1+10) (build 19.0.1+10-21)
# Java VM: Java HotSpot(TM) 64-Bit Server VM (19.0.1+10-21, mixed mode, sharing, tiered, compressed oops, compressed class ptrs, g1 gc, windows-amd64)
# Problematic frame:
# C  0x000001e21ec8d240
#
# No core dump will be written. Minidumps are not enabled by default on client versions of Windows
#
# If you would like to submit a bug report, please visit:
#   https://bugreport.java.com/bugreport/crash.jsp
#

---------------  S U M M A R Y ------------

Command Line: -ea -Didea.test.cyclic.buffer.size=1048576 -javaagent:C:\Program Files\JetBrains\IntelliJ IDEA 2022.3\lib\idea_rt.jar=10403:C:\Program Files\JetBrains\IntelliJ IDEA 2022.3\bin -Dfile.encoding=UTF-8 -Dsun.stdout.encoding=UTF-8 -Dsun.stderr.encoding=UTF-8 com.intellij.rt.junit.JUnitStarter -ideVersion5 -junit5 @w@C:\Users\bodyo\AppData\Local\Temp\idea_working_dirs_junit.tmp @C:\Users\bodyo\AppData\Local\Temp\idea_junit.tmp -socket10402

Host: AMD Ryzen 7 4800H with Radeon Graphics         , 16 cores, 15G,  Windows 10 , 64 bit Build 19041 (10.0.19041.2364)
Time: Sat Dec 31 12:28:06 2022 Egypt Standard Time elapsed time: 3.556185 seconds (0d 0h 0m 3s)

---------------  T H R E A D  ---------------

Current thread (0x000001e21f2c9240):  JavaThread "C2 CompilerThread2" daemon [_thread_in_native, id=16612, stack(0x00000008f2900000,0x00000008f2a00000)]


Current CompileTask:
C2:   3556 4852   !   4       java.util.zip.InflaterInputStream::read (122 bytes)

Stack: [0x00000008f2900000,0x00000008f2a00000],  sp=0x00000008f29fc1b0,  free space=1008k
Native frames: (J=compiled Java code, j=interpreted, Vv=VM code, C=native code)
C  0x000001e21ec8d240


siginfo: EXCEPTION_ACCESS_VIOLATION (0xc0000005), data execution prevention violation at address 0x000001e21ec8d240


Registers:
RAX=0x000001e21ec90900, RBX=0x00000008f29fc680, RCX=0x0000000000000001, RDX=0x0000000000000001
RSP=0x00000008f29fc1b0, RBP=0x000001e21ec8d240, RSI=0x00007fffb9554d21, RDI=0x000001e21ec90850
R8 =0x0000000000000002, R9 =0x000001e21ec8e8e0, R10=0x00007fffb93cfb7c, R11=0x0000003000000000
R12=0x0000000000000000, R13=0x00000008f29fc680, R14=0x000001e21ec8fed8, R15=0x00000008f29fdca0
RIP=0x000001e21ec8d240, EFLAGS=0x0000000000010206


Register to memory mapping:

RIP=0x000001e21ec8d240 points into unknown readable memory: 0x00007fffb961e258 | 58 e2 61 b9 ff 7f 00 00
RAX=0x000001e21ec90900 points into unknown readable memory: 0x000001e21e8f9308 | 08 93 8f 1e e2 01 00 00
RBX=0x00000008f29fc680 is pointing into the stack for thread: 0x000001e21f2c9240
RCX=0x0000000000000001 is an unknown value
RDX=0x0000000000000001 is an unknown value
RSP=0x00000008f29fc1b0 is pointing into the stack for thread: 0x000001e21f2c9240
RBP=0x000001e21ec8d240 points into unknown readable memory: 0x00007fffb961e258 | 58 e2 61 b9 ff 7f 00 00
RSI=0x00007fffb9554d21 jvm.dll
RDI=0x000001e21ec90850 points into unknown readable memory: 0x00007fffb968f668 | 68 f6 68 b9 ff 7f 00 00
R8 =0x0000000000000002 is an unknown value
R9 =0x000001e21ec8e8e0 points into unknown readable memory: 0x00007fffb968ee50 | 50 ee 68 b9 ff 7f 00 00
R10=0x00007fffb93cfb7c jvm.dll
R11=0x0000003000000000 is an unknown value
R12=0x0 is NULL
R13=0x00000008f29fc680 is pointing into the stack for thread: 0x000001e21f2c9240
R14=0x000001e21ec8fed8 points into unknown readable memory: 0x00007fffb961e258 | 58 e2 61 b9 ff 7f 00 00
R15=0x00000008f29fdca0 is pointing into the stack for thread: 0x000001e21f2c9240


Top of Stack: (sp=0x00000008f29fc1b0)
0x00000008f29fc1b0:   00000008f29fc680 00007fffb9554d21
0x00000008f29fc1c0:   0000000000000000 000001e21ec90850
0x00000008f29fc1d0:   000001e20000000b 0000000000000000
0x00000008f29fc1e0:   00000008f29fc300 00000008f29fc680
0x00000008f29fc1f0:   00000008f29fc330 00007fffb8e81921
0x00000008f29fc200:   000001e21ec90850 0000000000000000
0x00000008f29fc210:   000001e21ec8fed8 000001e21ec8e8e0
0x00000008f29fc220:   000001e20000000b 000001e200000015
0x00000008f29fc230:   000001e200000000 00007fffb902ca00
0x00000008f29fc240:   000001e21f785200 00007fffb9557500
0x00000008f29fc250:   0000000000000000 0000000000000068
0x00000008f29fc260:   0000000000000000 000001e21f7852a0
0x00000008f29fc270:   000000000000000b 0000000000000000
0x00000008f29fc280:   000001e21f785200 00000008f29fc330
0x00000008f29fc290:   000001e27626ece0 000001e21e8f9308
0x00000008f29fc2a0:   00000008f29fc310 00007fffb8e8179c 

Instructions: (pc=0x000001e21ec8d240)
0x000001e21ec8d140:   02 00 00 00 04 00 00 00 3c 03 00 00 11 00 00 00
0x000001e21ec8d150:   00 00 00 00 e2 01 00 00 38 9e 02 1e e2 01 00 00
0x000001e21ec8d160:   01 00 00 00 86 00 00 00 d0 bd c8 1e e2 01 00 00
0x000001e21ec8d170:   88 de e7 1e e2 01 00 00 a0 b7 c8 1e e2 01 00 00
0x000001e21ec8d180:   88 de e7 1e e2 01 00 00 88 de e7 1e e2 01 00 00
0x000001e21ec8d190:   18 d0 c8 1e e2 01 00 00 20 d1 c8 1e e2 01 00 00
0x000001e21ec8d1a0:   10 ce c8 1e e2 01 00 00 20 d3 c8 1e e2 01 00 00
0x000001e21ec8d1b0:   58 d5 c8 1e e2 01 00 00 58 e2 61 b9 ff 7f 00 00
0x000001e21ec8d1c0:   f8 d1 c8 1e e2 01 00 00 20 d2 c8 1e e2 01 00 00
0x000001e21ec8d1d0:   01 00 00 00 01 00 00 00 01 00 00 00 04 00 00 00
0x000001e21ec8d1e0:   3d 03 00 00 08 00 00 00 40 00 00 00 84 00 00 00
0x000001e21ec8d1f0:   00 00 00 00 00 01 00 00 20 d1 c8 1e e2 01 00 00
0x000001e21ec8d200:   b8 d1 c8 1e e2 01 00 00 40 d2 c8 1e e2 01 00 00
0x000001e21ec8d210:   80 d2 c8 1e e2 01 00 00 00 00 00 00 00 00 00 00
0x000001e21ec8d220:   e0 d3 c8 1e e2 01 00 00 e0 d3 c8 1e e2 01 00 00
0x000001e21ec8d230:   58 d5 c8 1e e2 01 00 00 ff ff ff ff ff ff ff ff
0x000001e21ec8d240:   58 e2 61 b9 ff 7f 00 00 80 d2 c8 1e e2 01 00 00
0x000001e21ec8d250:   50 07 c9 1e e2 01 00 00 01 00 00 00 01 00 00 00
0x000001e21ec8d260:   12 00 00 00 20 00 00 00 3e 03 00 00 08 00 00 00
0x000001e21ec8d270:   00 00 00 00 ff ff ff ff 02 00 00 00 00 00 00 00
0x000001e21ec8d280:   20 d1 c8 1e e2 01 00 00 b0 9e 71 b9 ff 7f 00 00
0x000001e21ec8d290:   c0 d2 c8 1e e2 01 00 00 00 d3 c8 1e e2 01 00 00
0x000001e21ec8d2a0:   04 00 00 00 04 00 00 00 00 00 00 00 04 00 00 00
0x000001e21ec8d2b0:   3f 03 00 00 80 00 00 00 00 00 00 00 e2 01 00 00
0x000001e21ec8d2c0:   00 00 00 00 00 00 00 00 88 de e7 1e e2 01 00 00
0x000001e21ec8d2d0:   40 d2 c8 1e e2 01 00 00 88 de e7 1e e2 01 00 00
0x000001e21ec8d2e0:   88 d2 c8 1e e2 01 00 00 00 d5 c8 1e e2 01 00 00
0x000001e21ec8d2f0:   20 d7 c8 1e e2 01 00 00 40 d9 c8 1e e2 01 00 00
0x000001e21ec8d300:   10 ce c8 1e e2 01 00 00 58 d5 c8 1e e2 01 00 00
0x000001e21ec8d310:   ff ff ff ff ff ff ff ff c0 d2 c8 1e e2 01 00 00
0x000001e21ec8d320:   98 3f 69 b9 ff 7f 00 00 58 d3 c8 1e e2 01 00 00
0x000001e21ec8d330:   c0 d3 c8 1e e2 01 00 00 03 00 00 00 03 00 00 00 


Stack slot to memory mapping:
stack at sp + 0 slots: 0x00000008f29fc680 is pointing into the stack for thread: 0x000001e21f2c9240
stack at sp + 1 slots: 0x00007fffb9554d21 jvm.dll
stack at sp + 2 slots: 0x0 is NULL
stack at sp + 3 slots: 0x000001e21ec90850 points into unknown readable memory: 0x00007fffb968f668 | 68 f6 68 b9 ff 7f 00 00
stack at sp + 4 slots: 0x000001e20000000b points into unknown readable memory: 00 00 00 00 00
stack at sp + 5 slots: 0x0 is NULL
stack at sp + 6 slots: 0x00000008f29fc300 is pointing into the stack for thread: 0x000001e21f2c9240
stack at sp + 7 slots: 0x00000008f29fc680 is pointing into the stack for thread: 0x000001e21f2c9240


---------------  P R O C E S S  ---------------

Threads class SMR info:
_java_thread_list=0x000001e220d46560, length=18, elements={
0x000001e276253800, 0x000001e219d14fe0, 0x000001e219d15d70, 0x000001e219d18250,
0x000001e219d18d20, 0x000001e219d19650, 0x000001e219d1a260, 0x000001e219d1b340,
0x000001e219d2fbd0, 0x000001e219d306e0, 0x000001e219d3d820, 0x000001e21e0bf310,
0x000001e21e1fbd20, 0x000001e21e273100, 0x000001e21e273640, 0x000001e21e82aec0,
0x000001e21f2c9240, 0x000001e220cfcbb0
}

Java Threads: ( => current thread )
  0x000001e276253800 JavaThread "main" [_thread_in_native, id=10016, stack(0x00000008f1200000,0x00000008f1300000)]
  0x000001e219d14fe0 JavaThread "Reference Handler" daemon [_thread_blocked, id=15464, stack(0x00000008f1900000,0x00000008f1a00000)]
  0x000001e219d15d70 JavaThread "Finalizer" daemon [_thread_blocked, id=20656, stack(0x00000008f1a00000,0x00000008f1b00000)]
  0x000001e219d18250 JavaThread "Signal Dispatcher" daemon [_thread_blocked, id=22068, stack(0x00000008f1b00000,0x00000008f1c00000)]
  0x000001e219d18d20 JavaThread "Attach Listener" daemon [_thread_blocked, id=12732, stack(0x00000008f1c00000,0x00000008f1d00000)]
  0x000001e219d19650 JavaThread "Service Thread" daemon [_thread_blocked, id=19932, stack(0x00000008f1d00000,0x00000008f1e00000)]
  0x000001e219d1a260 JavaThread "Monitor Deflation Thread" daemon [_thread_blocked, id=4576, stack(0x00000008f1e00000,0x00000008f1f00000)]
  0x000001e219d1b340 JavaThread "C2 CompilerThread0" daemon [_thread_blocked, id=18128, stack(0x00000008f1f00000,0x00000008f2000000)]
  0x000001e219d2fbd0 JavaThread "C1 CompilerThread0" daemon [_thread_blocked, id=19244, stack(0x00000008f2000000,0x00000008f2100000)]
  0x000001e219d306e0 JavaThread "Sweeper thread" daemon [_thread_blocked, id=2912, stack(0x00000008f2100000,0x00000008f2200000)]
  0x000001e219d3d820 JavaThread "C1 CompilerThread1" daemon [_thread_blocked, id=2176, stack(0x00000008f2200000,0x00000008f2300000)]
  0x000001e21e0bf310 JavaThread "Common-Cleaner" daemon [_thread_blocked, id=4176, stack(0x00000008f2300000,0x00000008f2400000)]
  0x000001e21e1fbd20 JavaThread "C1 CompilerThread2" daemon [_thread_blocked, id=17400, stack(0x00000008f2400000,0x00000008f2500000)]
  0x000001e21e273100 JavaThread "Monitor Ctrl-Break" daemon [_thread_in_native, id=14660, stack(0x00000008f2500000,0x00000008f2600000)]
  0x000001e21e273640 JavaThread "Notification Thread" daemon [_thread_blocked, id=23256, stack(0x00000008f2600000,0x00000008f2700000)]
  0x000001e21e82aec0 JavaThread "C2 CompilerThread1" daemon [_thread_blocked, id=12256, stack(0x00000008f2800000,0x00000008f2900000)]
=>0x000001e21f2c9240 JavaThread "C2 CompilerThread2" daemon [_thread_in_native, id=16612, stack(0x00000008f2900000,0x00000008f2a00000)]
  0x000001e220cfcbb0 JavaThread "C1 CompilerThread3" daemon [_thread_blocked, id=10468, stack(0x00000008f3500000,0x00000008f3600000)]

Other Threads:
  0x000001e219cf8110 VMThread "VM Thread" [stack: 0x00000008f1800000,0x00000008f1900000] [id=19944]
  0x000001e21e274810 WatcherThread "VM Periodic Task Thread" [stack: 0x00000008f2700000,0x00000008f2800000] [id=5444]
  0x000001e2762c1b50 WorkerThread "GC Thread#0" [stack: 0x00000008f1300000,0x00000008f1400000] [id=5060]
  0x000001e21e737d30 WorkerThread "GC Thread#1" [stack: 0x00000008f2a00000,0x00000008f2b00000] [id=24228]
  0x000001e21e736c50 WorkerThread "GC Thread#2" [stack: 0x00000008f2b00000,0x00000008f2c00000] [id=13116]
  0x000001e21e738000 WorkerThread "GC Thread#3" [stack: 0x00000008f2c00000,0x00000008f2d00000] [id=23512]
  0x000001e21e7371f0 WorkerThread "GC Thread#4" [stack: 0x00000008f2d00000,0x00000008f2e00000] [id=12644]
  0x000001e21e7366b0 WorkerThread "GC Thread#5" [stack: 0x00000008f2e00000,0x00000008f2f00000] [id=21708]
  0x000001e21e736980 WorkerThread "GC Thread#6" [stack: 0x00000008f2f00000,0x00000008f3000000] [id=732]
  0x000001e21f406690 WorkerThread "GC Thread#7" [stack: 0x00000008f3000000,0x00000008f3100000] [id=20740]
  0x000001e21f4063c0 WorkerThread "GC Thread#8" [stack: 0x00000008f3100000,0x00000008f3200000] [id=12532]
  0x000001e21f407d10 WorkerThread "GC Thread#9" [stack: 0x00000008f3200000,0x00000008f3300000] [id=22640]
  0x000001e21f407770 WorkerThread "GC Thread#10" [stack: 0x00000008f3300000,0x00000008f3400000] [id=15496]
  0x000001e2762d5ef0 ConcurrentGCThread "G1 Main Marker" [stack: 0x00000008f1400000,0x00000008f1500000] [id=11104]
  0x000001e2762d68d0 WorkerThread "G1 Conc#0" [stack: 0x00000008f1500000,0x00000008f1600000] [id=18248]
  0x000001e219bb1550 ConcurrentGCThread "G1 Refine#0" [stack: 0x00000008f1600000,0x00000008f1700000] [id=2416]
  0x000001e219bb1ea0 ConcurrentGCThread "G1 Service" [stack: 0x00000008f1700000,0x00000008f1800000] [id=14068]

Threads with active compile tasks:
C2 CompilerThread2     3574 4852   !   4       java.util.zip.InflaterInputStream::read (122 bytes)

VM state: not at safepoint (normal execution)

VM Mutex/Monitor currently owned by a thread: None

Heap address: 0x000000070a000000, size: 3936 MB, Compressed Oops mode: Zero based, Oop shift amount: 3

CDS archive(s) mapped at: [0x0000000800000000-0x0000000800c40000-0x0000000800c40000), size 12845056, SharedBaseAddress: 0x0000000800000000, ArchiveRelocationMode: 0.
Compressed class space mapped at: 0x0000000801000000-0x0000000841000000, reserved size: 1073741824
Narrow klass base: 0x0000000800000000, Narrow klass shift: 0, Narrow klass range: 0x100000000

GC Precious Log:
 CardTable entry size: 512
 Card Set container configuration: InlinePtr #cards 4 size 8 Array Of Cards #cards 16 size 48 Howl #buckets 8 coarsen threshold 3686 Howl Bitmap #cards 512 size 80 coarsen threshold 460 Card regions per heap region 1 cards per card region 4096
 CPUs: 16 total, 16 available
 Memory: 15741M
 Large Page Support: Disabled
 NUMA Support: Disabled
 Compressed Oops: Enabled (Zero based)
 Heap Region Size: 2M
 Heap Min Capacity: 8M
 Heap Initial Capacity: 246M
 Heap Max Capacity: 3936M
 Pre-touch: Disabled
 Parallel Workers: 13
 Concurrent Workers: 3
 Concurrent Refinement Workers: 13
 Periodic GC: Disabled

Heap:
 garbage-first heap   total 251904K, used 78801K [0x000000070a000000, 0x0000000800000000)
  region size 2048K, 38 young (77824K), 2 survivors (4096K)
 Metaspace       used 19603K, committed 20032K, reserved 1114112K
  class space    used 2540K, committed 2752K, reserved 1048576K

Heap Regions: E=young(eden), S=young(survivor), O=old, HS=humongous(starts), HC=humongous(continues), CS=collection set, F=free, OA=open archive, CA=closed archive, TAMS=top-at-mark-start (previous, next)
|   0|0x000000070a000000, 0x000000070a200000, 0x000000070a200000|100%| O|  |TAMS 0x000000070a000000, 0x000000070a000000| Untracked 
|   1|0x000000070a200000, 0x000000070a400000, 0x000000070a400000|100%| O|  |TAMS 0x000000070a200000, 0x000000070a200000| Untracked 
|   2|0x000000070a400000, 0x000000070a600000, 0x000000070a600000|100%| O|  |TAMS 0x000000070a400000, 0x000000070a400000| Untracked 
|   3|0x000000070a600000, 0x000000070a6cba00, 0x000000070a800000| 39%| O|  |TAMS 0x000000070a600000, 0x000000070a600000| Untracked 
|   4|0x000000070a800000, 0x000000070a800000, 0x000000070aa00000|  0%| F|  |TAMS 0x000000070a800000, 0x000000070a800000| Untracked 
|   5|0x000000070aa00000, 0x000000070aa00000, 0x000000070ac00000|  0%| F|  |TAMS 0x000000070aa00000, 0x000000070aa00000| Untracked 
|   6|0x000000070ac00000, 0x000000070ac00000, 0x000000070ae00000|  0%| F|  |TAMS 0x000000070ac00000, 0x000000070ac00000| Untracked 
|   7|0x000000070ae00000, 0x000000070ae00000, 0x000000070b000000|  0%| F|  |TAMS 0x000000070ae00000, 0x000000070ae00000| Untracked 
|   8|0x000000070b000000, 0x000000070b000000, 0x000000070b200000|  0%| F|  |TAMS 0x000000070b000000, 0x000000070b000000| Untracked 
|   9|0x000000070b200000, 0x000000070b200000, 0x000000070b400000|  0%| F|  |TAMS 0x000000070b200000, 0x000000070b200000| Untracked 
|  10|0x000000070b400000, 0x000000070b400000, 0x000000070b600000|  0%| F|  |TAMS 0x000000070b400000, 0x000000070b400000| Untracked 
|  11|0x000000070b600000, 0x000000070b600000, 0x000000070b800000|  0%| F|  |TAMS 0x000000070b600000, 0x000000070b600000| Untracked 
|  12|0x000000070b800000, 0x000000070b800000, 0x000000070ba00000|  0%| F|  |TAMS 0x000000070b800000, 0x000000070b800000| Untracked 
|  13|0x000000070ba00000, 0x000000070ba00000, 0x000000070bc00000|  0%| F|  |TAMS 0x000000070ba00000, 0x000000070ba00000| Untracked 
|  14|0x000000070bc00000, 0x000000070bc00000, 0x000000070be00000|  0%| F|  |TAMS 0x000000070bc00000, 0x000000070bc00000| Untracked 
|  15|0x000000070be00000, 0x000000070be00000, 0x000000070c000000|  0%| F|  |TAMS 0x000000070be00000, 0x000000070be00000| Untracked 
|  16|0x000000070c000000, 0x000000070c000000, 0x000000070c200000|  0%| F|  |TAMS 0x000000070c000000, 0x000000070c000000| Untracked 
|  17|0x000000070c200000, 0x000000070c200000, 0x000000070c400000|  0%| F|  |TAMS 0x000000070c200000, 0x000000070c200000| Untracked 
|  18|0x000000070c400000, 0x000000070c400000, 0x000000070c600000|  0%| F|  |TAMS 0x000000070c400000, 0x000000070c400000| Untracked 
|  19|0x000000070c600000, 0x000000070c600000, 0x000000070c800000|  0%| F|  |TAMS 0x000000070c600000, 0x000000070c600000| Untracked 
|  20|0x000000070c800000, 0x000000070c800000, 0x000000070ca00000|  0%| F|  |TAMS 0x000000070c800000, 0x000000070c800000| Untracked 
|  21|0x000000070ca00000, 0x000000070ca00000, 0x000000070cc00000|  0%| F|  |TAMS 0x000000070ca00000, 0x000000070ca00000| Untracked 
|  22|0x000000070cc00000, 0x000000070cc00000, 0x000000070ce00000|  0%| F|  |TAMS 0x000000070cc00000, 0x000000070cc00000| Untracked 
|  23|0x000000070ce00000, 0x000000070ce00000, 0x000000070d000000|  0%| F|  |TAMS 0x000000070ce00000, 0x000000070ce00000| Untracked 
|  24|0x000000070d000000, 0x000000070d000000, 0x000000070d200000|  0%| F|  |TAMS 0x000000070d000000, 0x000000070d000000| Untracked 
|  25|0x000000070d200000, 0x000000070d200000, 0x000000070d400000|  0%| F|  |TAMS 0x000000070d200000, 0x000000070d200000| Untracked 
|  26|0x000000070d400000, 0x000000070d400000, 0x000000070d600000|  0%| F|  |TAMS 0x000000070d400000, 0x000000070d400000| Untracked 
|  27|0x000000070d600000, 0x000000070d600000, 0x000000070d800000|  0%| F|  |TAMS 0x000000070d600000, 0x000000070d600000| Untracked 
|  28|0x000000070d800000, 0x000000070d800000, 0x000000070da00000|  0%| F|  |TAMS 0x000000070d800000, 0x000000070d800000| Untracked 
|  29|0x000000070da00000, 0x000000070da00000, 0x000000070dc00000|  0%| F|  |TAMS 0x000000070da00000, 0x000000070da00000| Untracked 
|  30|0x000000070dc00000, 0x000000070dc00000, 0x000000070de00000|  0%| F|  |TAMS 0x000000070dc00000, 0x000000070dc00000| Untracked 
|  31|0x000000070de00000, 0x000000070de00000, 0x000000070e000000|  0%| F|  |TAMS 0x000000070de00000, 0x000000070de00000| Untracked 
|  32|0x000000070e000000, 0x000000070e000000, 0x000000070e200000|  0%| F|  |TAMS 0x000000070e000000, 0x000000070e000000| Untracked 
|  33|0x000000070e200000, 0x000000070e200000, 0x000000070e400000|  0%| F|  |TAMS 0x000000070e200000, 0x000000070e200000| Untracked 
|  34|0x000000070e400000, 0x000000070e400000, 0x000000070e600000|  0%| F|  |TAMS 0x000000070e400000, 0x000000070e400000| Untracked 
|  35|0x000000070e600000, 0x000000070e600000, 0x000000070e800000|  0%| F|  |TAMS 0x000000070e600000, 0x000000070e600000| Untracked 
|  36|0x000000070e800000, 0x000000070e800000, 0x000000070ea00000|  0%| F|  |TAMS 0x000000070e800000, 0x000000070e800000| Untracked 
|  37|0x000000070ea00000, 0x000000070ea00000, 0x000000070ec00000|  0%| F|  |TAMS 0x000000070ea00000, 0x000000070ea00000| Untracked 
|  38|0x000000070ec00000, 0x000000070ec00000, 0x000000070ee00000|  0%| F|  |TAMS 0x000000070ec00000, 0x000000070ec00000| Untracked 
|  39|0x000000070ee00000, 0x000000070ee00000, 0x000000070f000000|  0%| F|  |TAMS 0x000000070ee00000, 0x000000070ee00000| Untracked 
|  40|0x000000070f000000, 0x000000070f000000, 0x000000070f200000|  0%| F|  |TAMS 0x000000070f000000, 0x000000070f000000| Untracked 
|  41|0x000000070f200000, 0x000000070f200000, 0x000000070f400000|  0%| F|  |TAMS 0x000000070f200000, 0x000000070f200000| Untracked 
|  42|0x000000070f400000, 0x000000070f400000, 0x000000070f600000|  0%| F|  |TAMS 0x000000070f400000, 0x000000070f400000| Untracked 
|  43|0x000000070f600000, 0x000000070f600000, 0x000000070f800000|  0%| F|  |TAMS 0x000000070f600000, 0x000000070f600000| Untracked 
|  44|0x000000070f800000, 0x000000070f800000, 0x000000070fa00000|  0%| F|  |TAMS 0x000000070f800000, 0x000000070f800000| Untracked 
|  45|0x000000070fa00000, 0x000000070fa00000, 0x000000070fc00000|  0%| F|  |TAMS 0x000000070fa00000, 0x000000070fa00000| Untracked 
|  46|0x000000070fc00000, 0x000000070fc00000, 0x000000070fe00000|  0%| F|  |TAMS 0x000000070fc00000, 0x000000070fc00000| Untracked 
|  47|0x000000070fe00000, 0x000000070fe00000, 0x0000000710000000|  0%| F|  |TAMS 0x000000070fe00000, 0x000000070fe00000| Untracked 
|  48|0x0000000710000000, 0x0000000710000000, 0x0000000710200000|  0%| F|  |TAMS 0x0000000710000000, 0x0000000710000000| Untracked 
|  49|0x0000000710200000, 0x0000000710200000, 0x0000000710400000|  0%| F|  |TAMS 0x0000000710200000, 0x0000000710200000| Untracked 
|  50|0x0000000710400000, 0x0000000710400000, 0x0000000710600000|  0%| F|  |TAMS 0x0000000710400000, 0x0000000710400000| Untracked 
|  51|0x0000000710600000, 0x0000000710600000, 0x0000000710800000|  0%| F|  |TAMS 0x0000000710600000, 0x0000000710600000| Untracked 
|  52|0x0000000710800000, 0x0000000710800000, 0x0000000710a00000|  0%| F|  |TAMS 0x0000000710800000, 0x0000000710800000| Untracked 
|  53|0x0000000710a00000, 0x0000000710a00000, 0x0000000710c00000|  0%| F|  |TAMS 0x0000000710a00000, 0x0000000710a00000| Untracked 
|  54|0x0000000710c00000, 0x0000000710c00000, 0x0000000710e00000|  0%| F|  |TAMS 0x0000000710c00000, 0x0000000710c00000| Untracked 
|  55|0x0000000710e00000, 0x0000000710e00000, 0x0000000711000000|  0%| F|  |TAMS 0x0000000710e00000, 0x0000000710e00000| Untracked 
|  56|0x0000000711000000, 0x0000000711000000, 0x0000000711200000|  0%| F|  |TAMS 0x0000000711000000, 0x0000000711000000| Untracked 
|  57|0x0000000711200000, 0x0000000711200000, 0x0000000711400000|  0%| F|  |TAMS 0x0000000711200000, 0x0000000711200000| Untracked 
|  58|0x0000000711400000, 0x0000000711400000, 0x0000000711600000|  0%| F|  |TAMS 0x0000000711400000, 0x0000000711400000| Untracked 
|  59|0x0000000711600000, 0x0000000711600000, 0x0000000711800000|  0%| F|  |TAMS 0x0000000711600000, 0x0000000711600000| Untracked 
|  60|0x0000000711800000, 0x0000000711800000, 0x0000000711a00000|  0%| F|  |TAMS 0x0000000711800000, 0x0000000711800000| Untracked 
|  61|0x0000000711a00000, 0x0000000711a00000, 0x0000000711c00000|  0%| F|  |TAMS 0x0000000711a00000, 0x0000000711a00000| Untracked 
|  62|0x0000000711c00000, 0x0000000711c00000, 0x0000000711e00000|  0%| F|  |TAMS 0x0000000711c00000, 0x0000000711c00000| Untracked 
|  63|0x0000000711e00000, 0x0000000711e00000, 0x0000000712000000|  0%| F|  |TAMS 0x0000000711e00000, 0x0000000711e00000| Untracked 
|  64|0x0000000712000000, 0x0000000712000000, 0x0000000712200000|  0%| F|  |TAMS 0x0000000712000000, 0x0000000712000000| Untracked 
|  65|0x0000000712200000, 0x0000000712200000, 0x0000000712400000|  0%| F|  |TAMS 0x0000000712200000, 0x0000000712200000| Untracked 
|  66|0x0000000712400000, 0x0000000712400000, 0x0000000712600000|  0%| F|  |TAMS 0x0000000712400000, 0x0000000712400000| Untracked 
|  67|0x0000000712600000, 0x0000000712600000, 0x0000000712800000|  0%| F|  |TAMS 0x0000000712600000, 0x0000000712600000| Untracked 
|  68|0x0000000712800000, 0x0000000712800000, 0x0000000712a00000|  0%| F|  |TAMS 0x0000000712800000, 0x0000000712800000| Untracked 
|  69|0x0000000712a00000, 0x0000000712a00000, 0x0000000712c00000|  0%| F|  |TAMS 0x0000000712a00000, 0x0000000712a00000| Untracked 
|  70|0x0000000712c00000, 0x0000000712c00000, 0x0000000712e00000|  0%| F|  |TAMS 0x0000000712c00000, 0x0000000712c00000| Untracked 
|  71|0x0000000712e00000, 0x0000000712e00000, 0x0000000713000000|  0%| F|  |TAMS 0x0000000712e00000, 0x0000000712e00000| Untracked 
|  72|0x0000000713000000, 0x0000000713000000, 0x0000000713200000|  0%| F|  |TAMS 0x0000000713000000, 0x0000000713000000| Untracked 
|  73|0x0000000713200000, 0x0000000713200000, 0x0000000713400000|  0%| F|  |TAMS 0x0000000713200000, 0x0000000713200000| Untracked 
|  74|0x0000000713400000, 0x0000000713400000, 0x0000000713600000|  0%| F|  |TAMS 0x0000000713400000, 0x0000000713400000| Untracked 
|  75|0x0000000713600000, 0x0000000713600000, 0x0000000713800000|  0%| F|  |TAMS 0x0000000713600000, 0x0000000713600000| Untracked 
|  76|0x0000000713800000, 0x0000000713800000, 0x0000000713a00000|  0%| F|  |TAMS 0x0000000713800000, 0x0000000713800000| Untracked 
|  77|0x0000000713a00000, 0x0000000713a00000, 0x0000000713c00000|  0%| F|  |TAMS 0x0000000713a00000, 0x0000000713a00000| Untracked 
|  78|0x0000000713c00000, 0x0000000713c00000, 0x0000000713e00000|  0%| F|  |TAMS 0x0000000713c00000, 0x0000000713c00000| Untracked 
|  79|0x0000000713e00000, 0x0000000713e00000, 0x0000000714000000|  0%| F|  |TAMS 0x0000000713e00000, 0x0000000713e00000| Untracked 
|  80|0x0000000714000000, 0x0000000714000000, 0x0000000714200000|  0%| F|  |TAMS 0x0000000714000000, 0x0000000714000000| Untracked 
|  81|0x0000000714200000, 0x0000000714200000, 0x0000000714400000|  0%| F|  |TAMS 0x0000000714200000, 0x0000000714200000| Untracked 
|  82|0x0000000714400000, 0x0000000714400000, 0x0000000714600000|  0%| F|  |TAMS 0x0000000714400000, 0x0000000714400000| Untracked 
|  83|0x0000000714600000, 0x0000000714600000, 0x0000000714800000|  0%| F|  |TAMS 0x0000000714600000, 0x0000000714600000| Untracked 
|  84|0x0000000714800000, 0x0000000714800000, 0x0000000714a00000|  0%| F|  |TAMS 0x0000000714800000, 0x0000000714800000| Untracked 
|  85|0x0000000714a00000, 0x0000000714c00000, 0x0000000714c00000|100%| E|  |TAMS 0x0000000714a00000, 0x0000000714a00000| Complete 
|  86|0x0000000714c00000, 0x0000000714e00000, 0x0000000714e00000|100%| E|  |TAMS 0x0000000714c00000, 0x0000000714c00000| Complete 
|  87|0x0000000714e00000, 0x0000000715000000, 0x0000000715000000|100%| E|CS|TAMS 0x0000000714e00000, 0x0000000714e00000| Complete 
|  88|0x0000000715000000, 0x0000000715200000, 0x0000000715200000|100%| E|CS|TAMS 0x0000000715000000, 0x0000000715000000| Complete 
|  89|0x0000000715200000, 0x0000000715400000, 0x0000000715400000|100%| E|CS|TAMS 0x0000000715200000, 0x0000000715200000| Complete 
|  90|0x0000000715400000, 0x0000000715600000, 0x0000000715600000|100%| E|CS|TAMS 0x0000000715400000, 0x0000000715400000| Complete 
|  91|0x0000000715600000, 0x0000000715800000, 0x0000000715800000|100%| E|CS|TAMS 0x0000000715600000, 0x0000000715600000| Complete 
|  92|0x0000000715800000, 0x0000000715a00000, 0x0000000715a00000|100%| E|CS|TAMS 0x0000000715800000, 0x0000000715800000| Complete 
|  93|0x0000000715a00000, 0x0000000715c00000, 0x0000000715c00000|100%| E|CS|TAMS 0x0000000715a00000, 0x0000000715a00000| Complete 
|  94|0x0000000715c00000, 0x0000000715e00000, 0x0000000715e00000|100%| E|CS|TAMS 0x0000000715c00000, 0x0000000715c00000| Complete 
|  95|0x0000000715e00000, 0x0000000716000000, 0x0000000716000000|100%| E|CS|TAMS 0x0000000715e00000, 0x0000000715e00000| Complete 
|  96|0x0000000716000000, 0x0000000716200000, 0x0000000716200000|100%| E|CS|TAMS 0x0000000716000000, 0x0000000716000000| Complete 
|  97|0x0000000716200000, 0x0000000716400000, 0x0000000716400000|100%| E|CS|TAMS 0x0000000716200000, 0x0000000716200000| Complete 
|  98|0x0000000716400000, 0x0000000716600000, 0x0000000716600000|100%| E|CS|TAMS 0x0000000716400000, 0x0000000716400000| Complete 
|  99|0x0000000716600000, 0x0000000716800000, 0x0000000716800000|100%| E|CS|TAMS 0x0000000716600000, 0x0000000716600000| Complete 
| 100|0x0000000716800000, 0x0000000716a00000, 0x0000000716a00000|100%| E|CS|TAMS 0x0000000716800000, 0x0000000716800000| Complete 
| 101|0x0000000716a00000, 0x0000000716c00000, 0x0000000716c00000|100%| E|CS|TAMS 0x0000000716a00000, 0x0000000716a00000| Complete 
| 102|0x0000000716c00000, 0x0000000716e00000, 0x0000000716e00000|100%| E|CS|TAMS 0x0000000716c00000, 0x0000000716c00000| Complete 
| 103|0x0000000716e00000, 0x0000000717000000, 0x0000000717000000|100%| E|CS|TAMS 0x0000000716e00000, 0x0000000716e00000| Complete 
| 104|0x0000000717000000, 0x0000000717200000, 0x0000000717200000|100%| E|CS|TAMS 0x0000000717000000, 0x0000000717000000| Complete 
| 105|0x0000000717200000, 0x0000000717400000, 0x0000000717400000|100%| E|CS|TAMS 0x0000000717200000, 0x0000000717200000| Complete 
| 106|0x0000000717400000, 0x0000000717428d50, 0x0000000717600000|  7%| S|CS|TAMS 0x0000000717400000, 0x0000000717400000| Complete 
| 107|0x0000000717600000, 0x0000000717800000, 0x0000000717800000|100%| S|CS|TAMS 0x0000000717600000, 0x0000000717600000| Complete 
| 108|0x0000000717800000, 0x0000000717a00000, 0x0000000717a00000|100%| E|CS|TAMS 0x0000000717800000, 0x0000000717800000| Complete 
| 109|0x0000000717a00000, 0x0000000717c00000, 0x0000000717c00000|100%| E|CS|TAMS 0x0000000717a00000, 0x0000000717a00000| Complete 
| 110|0x0000000717c00000, 0x0000000717e00000, 0x0000000717e00000|100%| E|CS|TAMS 0x0000000717c00000, 0x0000000717c00000| Complete 
| 111|0x0000000717e00000, 0x0000000718000000, 0x0000000718000000|100%| E|CS|TAMS 0x0000000717e00000, 0x0000000717e00000| Complete 
| 112|0x0000000718000000, 0x0000000718200000, 0x0000000718200000|100%| E|CS|TAMS 0x0000000718000000, 0x0000000718000000| Complete 
| 113|0x0000000718200000, 0x0000000718400000, 0x0000000718400000|100%| E|CS|TAMS 0x0000000718200000, 0x0000000718200000| Complete 
| 114|0x0000000718400000, 0x0000000718600000, 0x0000000718600000|100%| E|CS|TAMS 0x0000000718400000, 0x0000000718400000| Complete 
| 115|0x0000000718600000, 0x0000000718800000, 0x0000000718800000|100%| E|CS|TAMS 0x0000000718600000, 0x0000000718600000| Complete 
| 116|0x0000000718800000, 0x0000000718a00000, 0x0000000718a00000|100%| E|CS|TAMS 0x0000000718800000, 0x0000000718800000| Complete 
| 117|0x0000000718a00000, 0x0000000718c00000, 0x0000000718c00000|100%| E|CS|TAMS 0x0000000718a00000, 0x0000000718a00000| Complete 
| 118|0x0000000718c00000, 0x0000000718e00000, 0x0000000718e00000|100%| E|CS|TAMS 0x0000000718c00000, 0x0000000718c00000| Complete 
| 119|0x0000000718e00000, 0x0000000719000000, 0x0000000719000000|100%| E|CS|TAMS 0x0000000718e00000, 0x0000000718e00000| Complete 
| 120|0x0000000719000000, 0x0000000719200000, 0x0000000719200000|100%| E|CS|TAMS 0x0000000719000000, 0x0000000719000000| Complete 
| 121|0x0000000719200000, 0x0000000719400000, 0x0000000719400000|100%| E|CS|TAMS 0x0000000719200000, 0x0000000719200000| Complete 
| 122|0x0000000719400000, 0x0000000719600000, 0x0000000719600000|100%| E|CS|TAMS 0x0000000719400000, 0x0000000719400000| Complete 

Card table byte_map: [0x000001e27f1e0000,0x000001e27f990000] _byte_map_base: 0x000001e27b990000

Marking Bits (Prev, Next): (CMBitMap*) 0x000001e2762c5fc0, (CMBitMap*) 0x000001e2762c6000
 Prev Bits: [0x000001e20f7b0000, 0x000001e213530000)
 Next Bits: [0x000001e213530000, 0x000001e2172b0000)

Polling page: 0x000001e273fa0000

Metaspace:

Usage:
  Non-class:     16.68 MB used.
      Class:      2.48 MB used.
       Both:     19.17 MB used.

Virtual space:
  Non-class space:       64.00 MB reserved,      16.88 MB ( 26%) committed,  1 nodes.
      Class space:        1.00 GB reserved,       2.69 MB ( <1%) committed,  1 nodes.
             Both:        1.06 GB reserved,      19.56 MB (  2%) committed. 

Chunk freelists:
   Non-Class:  2.56 MB
       Class:  1.20 MB
        Both:  3.77 MB

MaxMetaspaceSize: unlimited
CompressedClassSpaceSize: 1.00 GB
Initial GC threshold: 21.00 MB
Current GC threshold: 21.00 MB
CDS: on
MetaspaceReclaimPolicy: balanced
 - commit_granule_bytes: 65536.
 - commit_granule_words: 8192.
 - virtual_space_node_default_size: 8388608.
 - enlarge_chunks_in_place: 1.
 - new_chunks_are_fully_committed: 0.
 - uncommit_free_chunks: 1.
 - use_allocation_guard: 0.


Internal statistics:

num_allocs_failed_limit: 0.
num_arena_births: 574.
num_arena_deaths: 0.
num_vsnodes_births: 2.
num_vsnodes_deaths: 0.
num_space_committed: 313.
num_space_uncommitted: 0.
num_chunks_returned_to_freelist: 0.
num_chunks_taken_from_freelist: 1408.
num_chunk_merges: 0.
num_chunk_splits: 875.
num_chunks_enlarged: 547.
num_inconsistent_stats: 0.

CodeHeap 'non-profiled nmethods': size=119168Kb used=2079Kb max_used=2079Kb free=117088Kb
 bounds [0x000001e207ba0000, 0x000001e207e10000, 0x000001e20f000000]
CodeHeap 'profiled nmethods': size=119104Kb used=9609Kb max_used=9609Kb free=109494Kb
 bounds [0x000001e200000000, 0x000001e200970000, 0x000001e207450000]
CodeHeap 'non-nmethods': size=7488Kb used=3018Kb max_used=3038Kb free=4469Kb
 bounds [0x000001e207450000, 0x000001e207760000, 0x000001e207ba0000]
 total_blobs=5404 nmethods=4854 adapters=455
 compilation: enabled
              stopped_count=0, restarted_count=0
 full_count=0

Compilation events (20 events):
Event: 3.376 Thread 0x000001e21f8ef6e0 nmethod 4840 0x000001e207da5790 code [0x000001e207da5920, 0x000001e207da5bd8]
Event: 3.399 Thread 0x000001e21f2c9240 4841       4       java.util.WeakHashMap::hash (28 bytes)
Event: 3.399 Thread 0x000001e219d1b340 4842   !   4       java.util.WeakHashMap::expungeStaleEntries (139 bytes)
Event: 3.400 Thread 0x000001e219d1b340 nmethod 4842 0x000001e207da5d10 code [0x000001e207da5ea0, 0x000001e207da5f98]
Event: 3.400 Thread 0x000001e21f2c9240 nmethod 4841 0x000001e207da6090 code [0x000001e207da6220, 0x000001e207da6338]
Event: 3.440 Thread 0x000001e219d1b340 4843   !   4       java.io.RandomAccessFile::readBytes (32 bytes)
Event: 3.441 Thread 0x000001e219d1b340 nmethod 4843 0x000001e207da6410 code [0x000001e207da65c0, 0x000001e207da66d8]
Event: 3.484 Thread 0x000001e219d2fbd0 4847       3       java.lang.invoke.MemberName$Factory::resolveOrNull (54 bytes)
Event: 3.484 Thread 0x000001e219d2fbd0 nmethod 4847 0x000001e20095d710 code [0x000001e20095d8e0, 0x000001e20095dba8]
Event: 3.502 Thread 0x000001e21f2c9240 4849       4       sun.net.www.ParseUtil::encodePath (41 bytes)
Event: 3.505 Thread 0x000001e21f2c9240 nmethod 4849 0x000001e207da7410 code [0x000001e207da75c0, 0x000001e207da7858]
Event: 3.527 Thread 0x000001e219d3d820 4850       3       java.lang.reflect.Proxy$ProxyBuilder::ensureAccess (39 bytes)
Event: 3.527 Thread 0x000001e219d3d820 nmethod 4850 0x000001e20095dd10 code [0x000001e20095df80, 0x000001e20095e7c8]
Event: 3.529 Thread 0x000001e219d3d820 4851       3       java.lang.reflect.ProxyGenerator$ProxyMethod::<init> (44 bytes)
Event: 3.530 Thread 0x000001e219d3d820 nmethod 4851 0x000001e20095eb90 code [0x000001e20095ed40, 0x000001e20095f178]
Event: 3.548 Thread 0x000001e21f2c9240 4852   !   4       java.util.zip.InflaterInputStream::read (122 bytes)
Event: 3.548 Thread 0x000001e220cfcbb0 4853       3       java.lang.ClassLoader::checkCerts (121 bytes)
Event: 3.548 Thread 0x000001e219d2fbd0 4854       3       java.lang.ClassLoader::getNamedPackage (73 bytes)
Event: 3.548 Thread 0x000001e219d2fbd0 nmethod 4854 0x000001e20095f290 code [0x000001e20095f480, 0x000001e20095fae8]
Event: 3.549 Thread 0x000001e220cfcbb0 nmethod 4853 0x000001e20095fd10 code [0x000001e200960000, 0x000001e200960e58]

GC Heap History (4 events):
Event: 1.025 GC heap before
{Heap before GC invocations=0 (full 0):
 garbage-first heap   total 251904K, used 22528K [0x000000070a000000, 0x0000000800000000)
  region size 2048K, 11 young (22528K), 0 survivors (0K)
 Metaspace       used 4516K, committed 4672K, reserved 1114112K
  class space    used 477K, committed 576K, reserved 1048576K
}
Event: 1.028 GC heap after
{Heap after GC invocations=1 (full 0):
 garbage-first heap   total 251904K, used 7010K [0x000000070a000000, 0x0000000800000000)
  region size 2048K, 2 young (4096K), 2 survivors (4096K)
 Metaspace       used 4516K, committed 4672K, reserved 1114112K
  class space    used 477K, committed 576K, reserved 1048576K
}
Event: 1.736 GC heap before
{Heap before GC invocations=1 (full 0):
 garbage-first heap   total 251904K, used 33634K [0x000000070a000000, 0x0000000800000000)
  region size 2048K, 15 young (30720K), 2 survivors (4096K)
 Metaspace       used 9239K, committed 9472K, reserved 1114112K
  class space    used 1216K, committed 1344K, reserved 1048576K
}
Event: 1.740 GC heap after
{Heap after GC invocations=2 (full 0):
 garbage-first heap   total 251904K, used 9169K [0x000000070a000000, 0x0000000800000000)
  region size 2048K, 2 young (4096K), 2 survivors (4096K)
 Metaspace       used 9239K, committed 9472K, reserved 1114112K
  class space    used 1216K, committed 1344K, reserved 1048576K
}

Dll operation events (11 events):
Event: 0.010 Loaded shared library C:\Program Files\Java\jdk-19\bin\java.dll
Event: 0.018 Loaded shared library C:\Program Files\Java\jdk-19\bin\jsvml.dll
Event: 0.131 Loaded shared library C:\Program Files\Java\jdk-19\bin\zip.dll
Event: 0.135 Loaded shared library C:\Program Files\Java\jdk-19\bin\instrument.dll
Event: 0.140 Loaded shared library C:\Program Files\Java\jdk-19\bin\net.dll
Event: 0.142 Loaded shared library C:\Program Files\Java\jdk-19\bin\nio.dll
Event: 0.146 Loaded shared library C:\Program Files\Java\jdk-19\bin\zip.dll
Event: 0.161 Loaded shared library C:\Program Files\JetBrains\IntelliJ IDEA 2022.3\bin\breakgen64.dll
Event: 0.169 Loaded shared library C:\Program Files\Java\jdk-19\bin\extnet.dll
Event: 0.515 Loaded shared library C:\Program Files\Java\jdk-19\bin\jimage.dll
Event: 1.483 Loaded shared library C:\Program Files\Java\jdk-19\bin\verify.dll

Deoptimization events (20 events):
Event: 3.246 Thread 0x000001e276253800 Uncommon trap: trap_request=0xffffffbe fr.pc=0x000001e207d952cc relative=0x000000000000044c
Event: 3.246 Thread 0x000001e276253800 Uncommon trap: reason=profile_predicate action=maybe_recompile pc=0x000001e207d952cc method=java.util.AbstractList.hashCode()I @ 13 c2
Event: 3.246 Thread 0x000001e276253800 DEOPT PACKING pc=0x000001e207d952cc sp=0x00000008f12fb8e0
Event: 3.246 Thread 0x000001e276253800 DEOPT UNPACKING pc=0x000001e2074b6da3 sp=0x00000008f12fb870 mode 2
Event: 3.246 Thread 0x000001e276253800 Uncommon trap: trap_request=0xffffffbe fr.pc=0x000001e207d952cc relative=0x000000000000044c
Event: 3.247 Thread 0x000001e276253800 Uncommon trap: reason=profile_predicate action=maybe_recompile pc=0x000001e207d952cc method=java.util.AbstractList.hashCode()I @ 13 c2
Event: 3.247 Thread 0x000001e276253800 DEOPT PACKING pc=0x000001e207d952cc sp=0x00000008f12fb8e0
Event: 3.247 Thread 0x000001e276253800 DEOPT UNPACKING pc=0x000001e2074b6da3 sp=0x00000008f12fb870 mode 2
Event: 3.247 Thread 0x000001e276253800 Uncommon trap: trap_request=0xffffffbe fr.pc=0x000001e207d952cc relative=0x000000000000044c
Event: 3.247 Thread 0x000001e276253800 Uncommon trap: reason=profile_predicate action=maybe_recompile pc=0x000001e207d952cc method=java.util.AbstractList.hashCode()I @ 13 c2
Event: 3.247 Thread 0x000001e276253800 DEOPT PACKING pc=0x000001e207d952cc sp=0x00000008f12fb8e0
Event: 3.247 Thread 0x000001e276253800 DEOPT UNPACKING pc=0x000001e2074b6da3 sp=0x00000008f12fb870 mode 2
Event: 3.248 Thread 0x000001e276253800 Uncommon trap: trap_request=0xffffffbe fr.pc=0x000001e207d952cc relative=0x000000000000044c
Event: 3.248 Thread 0x000001e276253800 Uncommon trap: reason=profile_predicate action=maybe_recompile pc=0x000001e207d952cc method=java.util.AbstractList.hashCode()I @ 13 c2
Event: 3.248 Thread 0x000001e276253800 DEOPT PACKING pc=0x000001e207d952cc sp=0x00000008f12fb8f0
Event: 3.248 Thread 0x000001e276253800 DEOPT UNPACKING pc=0x000001e2074b6da3 sp=0x00000008f12fb880 mode 2
Event: 3.514 Thread 0x000001e276253800 Uncommon trap: trap_request=0xffffffc6 fr.pc=0x000001e207c477b4 relative=0x00000000000000f4
Event: 3.514 Thread 0x000001e276253800 Uncommon trap: reason=bimorphic_or_optimized_type_check action=maybe_recompile pc=0x000001e207c477b4 method=java.util.Collections$UnmodifiableCollection.contains(Ljava/lang/Object;)Z @ 5 c2
Event: 3.514 Thread 0x000001e276253800 DEOPT PACKING pc=0x000001e207c477b4 sp=0x00000008f12fc390
Event: 3.514 Thread 0x000001e276253800 DEOPT UNPACKING pc=0x000001e2074b6da3 sp=0x00000008f12fc338 mode 2

Classes loaded (20 events):
Event: 3.339 Loading class java/beans/Transient
Event: 3.339 Loading class java/beans/Transient done
Event: 3.339 Loading class java/beans/ConstructorProperties
Event: 3.339 Loading class java/beans/ConstructorProperties done
Event: 3.342 Loading class java/io/InvalidObjectException
Event: 3.342 Loading class java/io/InvalidObjectException done
Event: 3.345 Loading class java/lang/invoke/VarHandleLongs$Array
Event: 3.345 Loading class java/lang/invoke/VarHandleLongs$Array done
Event: 3.346 Loading class java/util/concurrent/atomic/AtomicReferenceArray
Event: 3.346 Loading class java/util/concurrent/atomic/AtomicReferenceArray done
Event: 3.346 Loading class java/lang/invoke/VarHandleReferences$Array
Event: 3.346 Loading class java/lang/invoke/VarHandleReferences$Array done
Event: 3.364 Loading class java/io/CharArrayReader
Event: 3.364 Loading class java/io/CharArrayReader done
Event: 3.497 Loading class org/w3c/dom/Node
Event: 3.497 Loading class org/w3c/dom/Node done
Event: 3.497 Loading class org/w3c/dom/Document
Event: 3.498 Loading class org/w3c/dom/Document done
Event: 3.507 Loading class java/net/MalformedURLException
Event: 3.507 Loading class java/net/MalformedURLException done

Classes unloaded (0 events):
No events

Classes redefined (0 events):
No events

Internal exceptions (20 events):
Event: 1.848 Thread 0x000001e276253800 Exception <a 'java/lang/NoSuchMethodError'{0x000000071911dd28}: 'int java.lang.invoke.DirectMethodHandle$Holder.invokeStaticInit(java.lang.Object, java.lang.Object, java.lang.Object, java.lang.Object)'> (0x000000071911dd28) 
thrown [s\open\src\hotspot\share\interpreter\linkResolver.cpp, line 774]
Event: 1.849 Thread 0x000001e276253800 Exception <a 'java/lang/NoSuchMethodError'{0x0000000719129dc8}: 'void java.lang.invoke.DirectMethodHandle$Holder.invokeStaticInit(java.lang.Object, java.lang.Object)'> (0x0000000719129dc8) 
thrown [s\open\src\hotspot\share\interpreter\linkResolver.cpp, line 774]
Event: 1.929 Thread 0x000001e276253800 Exception <a 'java/lang/ClassNotFoundException'{0x0000000718fc0c40}: java/lang/ClassLoader$ByteBuddyAccessor$V1> (0x0000000718fc0c40) 
thrown [s\open\src\hotspot\share\classfile\systemDictionary.cpp, line 255]
Event: 1.930 Thread 0x000001e276253800 Exception <a 'java/lang/NoSuchMethodError'{0x0000000718fcae08}: 'java.lang.Object java.lang.invoke.DelegatingMethodHandle$Holder.reinvoke_L(java.lang.Object, java.lang.Object, java.lang.Object, java.lang.Object, int, int, java.lang.Object, java.lang.Object)'> (0x0000000718fcae08) 
thrown [s\open\src\hotspot\share\interpreter\linkResolver.cpp, line 774]
Event: 2.141 Thread 0x000001e276253800 Exception <a 'java/lang/NoSuchMethodError'{0x00000007187a5538}: 'java.lang.Object java.lang.invoke.DirectMethodHandle$Holder.invokeVirtual(java.lang.Object, java.lang.Object, java.lang.Object, java.lang.Object)'> (0x00000007187a5538) 
thrown [s\open\src\hotspot\share\interpreter\linkResolver.cpp, line 774]
Event: 2.145 Thread 0x000001e276253800 Exception <a 'java/lang/NoSuchMethodError'{0x00000007187c0c50}: 'java.lang.Object java.lang.invoke.DelegatingMethodHandle$Holder.reinvoke_L(java.lang.Object, java.lang.Object, java.lang.Object, java.lang.Object, java.lang.Object, int, int, java.lang.Object)'> (0x00000007187c0c50) 
thrown [s\open\src\hotspot\share\interpreter\linkResolver.cpp, line 774]
Event: 2.159 Thread 0x000001e276253800 Exception <a 'java/lang/NoSuchMethodError'{0x000000071842bff0}: 'void java.lang.invoke.Invokers$Holder.invokeExact_MT(java.lang.Object, java.lang.Object, java.lang.Object, java.lang.Object)'> (0x000000071842bff0) 
thrown [s\open\src\hotspot\share\interpreter\linkResolver.cpp, line 774]
Event: 2.222 Thread 0x000001e276253800 Exception <a 'java/lang/IncompatibleClassChangeError'{0x0000000718263fc0}: Found class java.lang.Object, but interface was expected> (0x0000000718263fc0) 
thrown [s\open\src\hotspot\share\interpreter\linkResolver.cpp, line 841]
Event: 2.222 Thread 0x000001e276253800 Exception <a 'java/lang/NoSuchMethodError'{0x000000071826aec0}: method resolution failed> (0x000000071826aec0) 
thrown [s\open\src\hotspot\share\prims\methodHandles.cpp, line 1268]
Event: 2.226 Thread 0x000001e276253800 Exception <a 'java/lang/NoSuchMethodError'{0x0000000718281ec0}: 'java.lang.Object java.lang.invoke.DirectMethodHandle$Holder.invokeStatic(java.lang.Object, int, java.lang.Object)'> (0x0000000718281ec0) 
thrown [s\open\src\hotspot\share\interpreter\linkResolver.cpp, line 774]
Event: 2.670 Thread 0x000001e276253800 Exception <a 'java/lang/NoSuchMethodError'{0x0000000717070f98}: 'void java.lang.invoke.DelegatingMethodHandle$Holder.reinvoke_L(java.lang.Object, java.lang.Object, int)'> (0x0000000717070f98) 
thrown [s\open\src\hotspot\share\interpreter\linkResolver.cpp, line 774]
Event: 2.671 Thread 0x000001e276253800 Exception <a 'java/lang/NoSuchMethodError'{0x0000000717078230}: 'int java.lang.invoke.Invokers$Holder.invokeExact_MT(java.lang.Object, java.lang.Object, java.lang.Object)'> (0x0000000717078230) 
thrown [s\open\src\hotspot\share\interpreter\linkResolver.cpp, line 774]
Event: 2.678 Thread 0x000001e276253800 Exception <a 'java/lang/NoSuchMethodError'{0x000000071709e5a8}: 'float java.lang.invoke.DelegatingMethodHandle$Holder.reinvoke_L(java.lang.Object, java.lang.Object)'> (0x000000071709e5a8) 
thrown [s\open\src\hotspot\share\interpreter\linkResolver.cpp, line 774]
Event: 2.679 Thread 0x000001e276253800 Exception <a 'java/lang/NoSuchMethodError'{0x00000007170a9280}: 'void java.lang.invoke.DelegatingMethodHandle$Holder.reinvoke_L(java.lang.Object, java.lang.Object, float)'> (0x00000007170a9280) 
thrown [s\open\src\hotspot\share\interpreter\linkResolver.cpp, line 774]
Event: 2.679 Thread 0x000001e276253800 Exception <a 'java/lang/NoSuchMethodError'{0x00000007170b0608}: 'float java.lang.invoke.Invokers$Holder.invokeExact_MT(java.lang.Object, java.lang.Object, java.lang.Object)'> (0x00000007170b0608) 
thrown [s\open\src\hotspot\share\interpreter\linkResolver.cpp, line 774]
Event: 2.853 Thread 0x000001e276253800 Implicit null exception at 0x000001e207d2f6d5 to 0x000001e207d2f6f8
Event: 3.004 Thread 0x000001e276253800 Implicit null exception at 0x000001e207c13238 to 0x000001e207c139c8
Event: 3.089 Thread 0x000001e276253800 Exception <a 'java/lang/NoSuchMethodError'{0x0000000715e85398}: 'java.lang.Object java.lang.invoke.DirectMethodHandle$Holder.invokeStatic(java.lang.Object, java.lang.Object, java.lang.Object, java.lang.Object, java.lang.Object, java.lang.Object, java.lang.Object, java.lang.Object, java.lang.Object, java.lang.Object, java.lang.Object, java.lang.Object, java.lang.Object)'> (0x0000000715e85398) 
thrown [s\open\src\hotspot\share\interpreter\linkResolver.cpp, line 774]
Event: 3.090 Thread 0x000001e276253800 Exception <a 'java/lang/NoSuchMethodError'{0x0000000715ea5960}: 'java.lang.Object java.lang.invoke.DirectMethodHandle$Holder.invokeStatic(java.lang.Object, java.lang.Object, java.lang.Object, java.lang.Object, java.lang.Object, java.lang.Object, java.lang.Object, java.lang.Object, java.lang.Object, java.lang.Object, java.lang.Object, java.lang.Object, java.lang.Object, java.lang.Object)'> (0x0000000715ea5960) 
thrown [s\open\src\hotspot\share\interpreter\linkResolver.cpp, line 774]
Event: 3.267 Thread 0x000001e276253800 Exception <a 'java/lang/NoSuchMethodError'{0x00000007156a8130}: 'int java.lang.invoke.Invokers$Holder.invokeExact_MT(java.lang.Object, java.lang.Object)'> (0x00000007156a8130) 
thrown [s\open\src\hotspot\share\interpreter\linkResolver.cpp, line 774]

VM Operations (20 events):
Event: 2.394 Executing VM operation: HandshakeAllThreads
Event: 2.394 Executing VM operation: HandshakeAllThreads done
Event: 2.397 Executing VM operation: HandshakeAllThreads
Event: 2.397 Executing VM operation: HandshakeAllThreads done
Event: 2.495 Executing VM operation: ICBufferFull
Event: 2.495 Executing VM operation: ICBufferFull done
Event: 2.646 Executing VM operation: ICBufferFull
Event: 2.646 Executing VM operation: ICBufferFull done
Event: 2.836 Executing VM operation: ICBufferFull
Event: 2.836 Executing VM operation: ICBufferFull done
Event: 2.986 Executing VM operation: ICBufferFull
Event: 2.987 Executing VM operation: ICBufferFull done
Event: 3.004 Executing VM operation: HandshakeAllThreads
Event: 3.004 Executing VM operation: HandshakeAllThreads done
Event: 3.014 Executing VM operation: ICBufferFull
Event: 3.014 Executing VM operation: ICBufferFull done
Event: 3.173 Executing VM operation: ICBufferFull
Event: 3.174 Executing VM operation: ICBufferFull done
Event: 3.534 Executing VM operation: HandshakeAllThreads
Event: 3.534 Executing VM operation: HandshakeAllThreads done

Events (20 events):
Event: 0.032 Thread 0x000001e219d15d70 Thread added: 0x000001e219d15d70
Event: 0.032 Thread 0x000001e219d18250 Thread added: 0x000001e219d18250
Event: 0.032 Thread 0x000001e219d18d20 Thread added: 0x000001e219d18d20
Event: 0.032 Thread 0x000001e219d19650 Thread added: 0x000001e219d19650
Event: 0.032 Thread 0x000001e219d1a260 Thread added: 0x000001e219d1a260
Event: 0.032 Thread 0x000001e219d1b340 Thread added: 0x000001e219d1b340
Event: 0.032 Thread 0x000001e219d2fbd0 Thread added: 0x000001e219d2fbd0
Event: 0.032 Thread 0x000001e219d306e0 Thread added: 0x000001e219d306e0
Event: 0.097 Thread 0x000001e219d3d820 Thread added: 0x000001e219d3d820
Event: 0.110 Thread 0x000001e21e0bf310 Thread added: 0x000001e21e0bf310
Event: 0.121 Thread 0x000001e21e1fbd20 Thread added: 0x000001e21e1fbd20
Event: 0.161 Thread 0x000001e21e273100 Thread added: 0x000001e21e273100
Event: 0.161 Thread 0x000001e21e273640 Thread added: 0x000001e21e273640
Event: 0.648 Thread 0x000001e21e82aec0 Thread added: 0x000001e21e82aec0
Event: 0.648 Thread 0x000001e21e874e00 Thread added: 0x000001e21e874e00
Event: 1.799 Thread 0x000001e21e874e00 Thread exited: 0x000001e21e874e00
Event: 2.128 Thread 0x000001e21f2c9240 Thread added: 0x000001e21f2c9240
Event: 2.442 Thread 0x000001e21f8ef6e0 Thread added: 0x000001e21f8ef6e0
Event: 2.559 Thread 0x000001e220cfcbb0 Thread added: 0x000001e220cfcbb0
Event: 3.484 Thread 0x000001e21f8ef6e0 Thread exited: 0x000001e21f8ef6e0


Dynamic libraries:
0x00007ff691a70000 - 0x00007ff691a80000 	C:\Program Files\Java\jdk-19\bin\java.exe
0x00007ff823ff0000 - 0x00007ff8241e8000 	C:\WINDOWS\SYSTEM32\ntdll.dll
0x00007ff8236f0000 - 0x00007ff8237af000 	C:\WINDOWS\System32\KERNEL32.DLL
0x00007ff821b10000 - 0x00007ff821de2000 	C:\WINDOWS\System32\KERNELBASE.dll
0x00007ff821e20000 - 0x00007ff821f20000 	C:\WINDOWS\System32\ucrtbase.dll
0x00007fffbf7d0000 - 0x00007fffbf7eb000 	C:\Program Files\Java\jdk-19\bin\VCRUNTIME140.dll
0x00007fffbf7f0000 - 0x00007fffbf808000 	C:\Program Files\Java\jdk-19\bin\jli.dll
0x00007ff823840000 - 0x00007ff8238ee000 	C:\WINDOWS\System32\ADVAPI32.dll
0x00007ff8226c0000 - 0x00007ff82275e000 	C:\WINDOWS\System32\msvcrt.dll
0x00007ff822760000 - 0x00007ff8227fc000 	C:\WINDOWS\System32\sechost.dll
0x00007ff823290000 - 0x00007ff8233b5000 	C:\WINDOWS\System32\RPCRT4.dll
0x00007ff823490000 - 0x00007ff823631000 	C:\WINDOWS\System32\USER32.dll
0x00007ff820ae0000 - 0x00007ff820d7a000 	C:\WINDOWS\WinSxS\amd64_microsoft.windows.common-controls_6595b64144ccf1df_6.0.19041.1110_none_60b5254171f9507e\COMCTL32.dll
0x00007ff821df0000 - 0x00007ff821e12000 	C:\WINDOWS\System32\win32u.dll
0x00007ff8236c0000 - 0x00007ff8236eb000 	C:\WINDOWS\System32\GDI32.dll
0x00007ff8216e0000 - 0x00007ff8217ef000 	C:\WINDOWS\System32\gdi32full.dll
0x00007ff821a70000 - 0x00007ff821b0d000 	C:\WINDOWS\System32\msvcp_win.dll
0x00007ff8176a0000 - 0x00007ff8176aa000 	C:\WINDOWS\SYSTEM32\VERSION.dll
0x00007ff8223b0000 - 0x00007ff8223e2000 	C:\WINDOWS\System32\IMM32.DLL
0x00007ffff1a50000 - 0x00007ffff1a5c000 	C:\Program Files\Java\jdk-19\bin\vcruntime140_1.dll
0x00007fffbabe0000 - 0x00007fffbac6e000 	C:\Program Files\Java\jdk-19\bin\msvcp140.dll
0x00007fffb8d40000 - 0x00007fffb9a00000 	C:\Program Files\Java\jdk-19\bin\server\jvm.dll
0x00007fffff2d0000 - 0x00007fffff2d9000 	C:\WINDOWS\SYSTEM32\WSOCK32.dll
0x00007ff816490000 - 0x00007ff8164b7000 	C:\WINDOWS\SYSTEM32\WINMM.dll
0x00007ff8233c0000 - 0x00007ff82342b000 	C:\WINDOWS\System32\WS2_32.dll
0x00007ff81f880000 - 0x00007ff81f892000 	C:\WINDOWS\SYSTEM32\kernel.appcore.dll
0x00007fffbf7c0000 - 0x00007fffbf7ca000 	C:\Program Files\Java\jdk-19\bin\jimage.dll
0x00007ff821090000 - 0x00007ff821274000 	C:\WINDOWS\SYSTEM32\DBGHELP.DLL
0x00007ff821050000 - 0x00007ff821085000 	C:\WINDOWS\SYSTEM32\dbgcore.DLL
0x00007ff821fa0000 - 0x00007ff822022000 	C:\WINDOWS\System32\bcryptPrimitives.dll
0x00007ff816cc0000 - 0x00007ff816cce000 	C:\Program Files\Java\jdk-19\bin\instrument.dll
0x00007fffbf790000 - 0x00007fffbf7b6000 	C:\Program Files\Java\jdk-19\bin\java.dll
0x00007fffbab00000 - 0x00007fffbabd7000 	C:\Program Files\Java\jdk-19\bin\jsvml.dll
0x00007ff822b40000 - 0x00007ff823284000 	C:\WINDOWS\System32\SHELL32.dll
0x00007ff81f0d0000 - 0x00007ff81f862000 	C:\WINDOWS\SYSTEM32\windows.storage.dll
0x00007ff822030000 - 0x00007ff822385000 	C:\WINDOWS\System32\combase.dll
0x00007ff820a40000 - 0x00007ff820a70000 	C:\WINDOWS\SYSTEM32\Wldp.dll
0x00007ff822610000 - 0x00007ff8226bd000 	C:\WINDOWS\System32\SHCORE.dll
0x00007ff8228d0000 - 0x00007ff822925000 	C:\WINDOWS\System32\shlwapi.dll
0x00007ff821620000 - 0x00007ff82163f000 	C:\WINDOWS\SYSTEM32\profapi.dll
0x00007fffba9f0000 - 0x00007fffbaa08000 	C:\Program Files\Java\jdk-19\bin\zip.dll
0x00007fffbaa30000 - 0x00007fffbaa43000 	C:\Program Files\Java\jdk-19\bin\net.dll
0x00007ff817770000 - 0x00007ff81787c000 	C:\WINDOWS\SYSTEM32\WINHTTP.dll
0x00007ff820910000 - 0x00007ff82097a000 	C:\WINDOWS\system32\mswsock.dll
0x00007fffbaa10000 - 0x00007fffbaa26000 	C:\Program Files\Java\jdk-19\bin\nio.dll
0x00007ff816ca0000 - 0x00007ff816cba000 	C:\Program Files\JetBrains\IntelliJ IDEA 2022.3\bin\breakgen64.dll
0x00007ff816d10000 - 0x00007ff816d18000 	C:\Program Files\Java\jdk-19\bin\extnet.dll
0x00007ff817d30000 - 0x00007ff817d40000 	C:\Program Files\Java\jdk-19\bin\verify.dll

dbghelp: loaded successfully - version: 4.0.5 - missing functions: none
symbol engine: initialized successfully - sym options: 0x614 - pdb path: .;C:\Program Files\Java\jdk-19\bin;C:\WINDOWS\SYSTEM32;C:\WINDOWS\WinSxS\amd64_microsoft.windows.common-controls_6595b64144ccf1df_6.0.19041.1110_none_60b5254171f9507e;C:\Program Files\Java\jdk-19\bin\server;C:\Program Files\JetBrains\IntelliJ IDEA 2022.3\bin

VM Arguments:
jvm_args: -ea -Didea.test.cyclic.buffer.size=1048576 -javaagent:C:\Program Files\JetBrains\IntelliJ IDEA 2022.3\lib\idea_rt.jar=10403:C:\Program Files\JetBrains\IntelliJ IDEA 2022.3\bin -Dfile.encoding=UTF-8 -Dsun.stdout.encoding=UTF-8 -Dsun.stderr.encoding=UTF-8 
java_command: com.intellij.rt.junit.JUnitStarter -ideVersion5 -junit5 @w@C:\Users\bodyo\AppData\Local\Temp\idea_working_dirs_junit.tmp @C:\Users\bodyo\AppData\Local\Temp\idea_junit.tmp -socket10402
java_class_path (initial): C:\Users\bodyo\.m2\repository\org\junit\platform\junit-platform-launcher\1.9.1\junit-platform-launcher-1.9.1.jar;C:\Program Files\JetBrains\IntelliJ IDEA 2022.3\lib\idea_rt.jar;C:\Program Files\JetBrains\IntelliJ IDEA 2022.3\plugins\junit\lib\junit5-rt.jar;C:\Program Files\JetBrains\IntelliJ IDEA 2022.3\plugins\junit\lib\junit-rt.jar;C:\Users\bodyo\OneDrive\Documents\GitHub\Kickoff\kickoffBack\target\test-classes;C:\Users\bodyo\OneDrive\Documents\GitHub\Kickoff\kickoffBack\target\classes;C:\Users\bodyo\.m2\repository\org\springframework\boot\spring-boot-starter-data-jdbc\3.0.0\spring-boot-starter-data-jdbc-3.0.0.jar;C:\Users\bodyo\.m2\repository\org\springframework\boot\spring-boot-starter-jdbc\3.0.0\spring-boot-starter-jdbc-3.0.0.jar;C:\Users\bodyo\.m2\repository\com\zaxxer\HikariCP\5.0.1\HikariCP-5.0.1.jar;C:\Users\bodyo\.m2\repository\org\springframework\spring-jdbc\6.0.2\spring-jdbc-6.0.2.jar;C:\Users\bodyo\.m2\repository\org\springframework\data\spring-data-jdbc\3.0.0\spring-data-jdbc-3.0.0.jar;C:\Users\bodyo\.m2\repository\org\springframework\data\spring-data-relational\3.0.0\spring-data-relational-3.0.0.jar;C:\Users\bodyo\.m2\repository\org\springframework\data\spring-data-commons\3.0.0\spring-data-commons-3.0.0.jar;C:\Users\bodyo\.m2\repository\org\springframework\spring-tx\6.0.2\spring-tx-6.0.2.jar;C:\Users\bodyo\.m2\repository\org\springframework\spring-context\6.0.2\spring-context-6.0.2.jar;C:\Users\bodyo\.m2\repository\org\springframework\spring-beans\6.0.2\spring-beans-6.0.2.jar;C:\Users\bodyo\.m2\repository\org\slf4j\slf4j-api\2.0.4\slf4j-api-2.0.4.jar;C:\Users\bodyo\.m2\repository\org\springframework\boot\spring-boot-starter-data-jpa\3.0.0\spring-boot-starter-data-jpa-3.0.0.jar;C:\Users\bodyo\.m2\repository\org\springframework\boot\spring-boot-starter-aop\3.0.0\spring-boot-starter-aop-3.0.0.jar;C:\Users\bodyo\.m2\repository\org\springframework\spring-aop\6.0.2\spring-aop-6.0.2.jar;C:\Users\bodyo\.m2\repository\org\aspectj\aspectjweaver\1.9.9.1\aspectjweaver-1.9.9.1.jar;C:\Users\bodyo\.m2\repository\org\hibernate\orm\hibernate-core\6.1.5.Final\hibernate-core-6.1.5.Final.jar;C:\Users\bodyo\.m2\repository\jakarta\persistence\jakarta.persistence-api\3.1.0\jakarta.persistence-api-3.1.0.jar;C:\Users\bodyo\.m2\repository\jakarta\transaction\jakarta.transaction-api\2.0.1\jakarta.transaction-api-2.0.1.jar;C:\Users\bodyo\.m2\repository\org\hibernate\common\hibernate-commons-annotations\6.0.2.Final\hibernate-commons-annotations-6.0.2.Final.jar;C:\Users\bodyo\.m2\repository\org\jboss\jandex\2.4.2.Final\jandex-2.4.2.Final.jar;C:\Users\bodyo\.m2\repository\com\fasterxml\classmate\1.5.1\classmate-1.5.1.jar;C:\Users\bodyo\.m2\repository\net\bytebuddy\byte-buddy\1.12.19\byte-buddy-1.12.19.jar;C:\Users\bodyo\.m2\repository\org\glassfish\jaxb\jaxb-runtime\4.0.1\jaxb-runtime-4.0.1.jar;C:\Users\bodyo\.m2\repository\org\glassfish\jaxb\jaxb-core\4.0.1\jaxb-core-4.0.1.jar;C:\Users\bodyo\.m2\repository\org\eclipse\angus\angus-activation\1.0.0\angus-activation-1.0.0.jar;C:\Users\bodyo\.m2\repository\org\glassfish\jaxb\txw2\4.0.1\txw2-4.0.1.jar;C:\Users\bodyo\.m2\repository\com\sun\istack\istack-commons-runtime\4.1.1\istack-commons-runtime-4.1.1.jar;C:\Users\bodyo\.m2\repository\jakarta\inject\jakarta.inject-api\2.0.0\jakarta.inject-api-2.0.0.jar;C:\Users\bodyo\.m2\repository\org\antlr\antlr4-runtime\4.10.1\antlr4-runtime-4.10.1.jar;C:\Users\bodyo\.m2\repository\org\springframework\data\spring-data-jpa\3.0.0\spring-data-jpa-3.0.0.jar;C:\Users\bodyo\.m2\repository\org\springframework\spring-orm\6.0.2\spring-orm-6.0.2.jar;C:\Users\bodyo\.m2\repository\jakarta\annotation\jakarta.annotation-api\2.1.1\jakarta.annotation-api-2.1.1.jar;C:\Users\bodyo\.m2\repository\org\springframework\spring-aspects\6.0.2\spring-aspects-6.0.2.jar;C:\Users\bodyo\.m2\repository\org\springframework\boot\spring-boot-starter-web\3.0.0\spring-boot-starter-web-3.0.0.jar;C:\Users\bodyo\.m2\repository\org\springframework\boot\spring-boot-starter\3.0.0\spring-boot-starter-3.0.0.jar;C:\Users\bodyo\.m2\repository\org\springframework\boot\spring-boot\3.0.0\spring-boot-3.0.0.jar;C:\Users\bodyo\.m2\repository\org\springframework\boot\spring-boot-autoconfigure\3.0.0\spring-boot-autoconfigure-3.0.0.jar;C:\Users\bodyo\.m2\repository\org\springframework\boot\spring-boot-starter-logging\3.0.0\spring-boot-starter-logging-3.0.0.jar;C:\Users\bodyo\.m2\repository\ch\qos\logback\logback-classic\1.4.5\logback-classic-1.4.5.jar;C:\Users\bodyo\.m2\repository\ch\qos\logback\logback-core\1.4.5\logback-core-1.4.5.jar;C:\Users\bodyo\.m2\repository\org\apache\logging\log4j\log4j-to-slf4j\2.19.0\log4j-to-slf4j-2.19.0.jar;C:\Users\bodyo\.m2\repository\org\apache\logging\log4j\log4j-api\2.19.0\log4j-api-2.19.0.jar;C:\Users\bodyo\.m2\repository\org\slf4j\jul-to-slf4j\2.0.4\jul-to-slf4j-2.0.4.jar;C:\Users\bodyo\.m2\repository\org\yaml\snakeyaml\1.33\snakeyaml-1.33.jar;C:\Users\bodyo\.m2\repository\org\springframework\boot\spring-boot-starter-json\3.0.0\spring-boot-starter-json-3.0.0.jar;C:\Users\bodyo\.m2\repository\com\fasterxml\jackson\core\jackson-databind\2.14.1\jackson-databind-2.14.1.jar;C:\Users\bodyo\.m2\repository\com\fasterxml\jackson\core\jackson-annotations\2.14.1\jackson-annotations-2.14.1.jar;C:\Users\bodyo\.m2\repository\com\fasterxml\jackson\core\jackson-core\2.14.1\jackson-core-2.14.1.jar;C:\Users\bodyo\.m2\repository\com\fasterxml\jackson\datatype\jackson-datatype-jdk8\2.14.1\jackson-datatype-jdk8-2.14.1.jar;C:\Users\bodyo\.m2\repository\com\fasterxml\jackson\datatype\jackson-datatype-jsr310\2.14.1\jackson-datatype-jsr310-2.14.1.jar;C:\Users\bodyo\.m2\repository\com\fasterxml\jackson\module\jackson-module-parameter-names\2.14.1\jackson-module-parameter-names-2.14.1.jar;C:\Users\bodyo\.m2\repository\org\springframework\boot\spring-boot-starter-tomcat\3.0.0\spring-boot-starter-tomcat-3.0.0.jar;C:\Users\bodyo\.m2\repository\org\apache\tomcat\embed\tomcat-embed-core\10.1.1\tomcat-embed-core-10.1.1.jar;C:\Users\bodyo\.m2\repository\org\apache\tomcat\embed\tomcat-embed-el\10.1.1\tomcat-embed-el-10.1.1.jar;C:\Users\bodyo\.m2\repository\org\apache\tomcat\embed\tomcat-embed-websocket\10.1.1\tomcat-embed-websocket-10.1.1.jar;C:\Users\bodyo\.m2\repository\org\springframework\spring-web\6.0.2\spring-web-6.0.2.jar;C:\Users\bodyo\.m2\repository\io\micrometer\micrometer-observation\1.10.2\micrometer-observation-1.10.2.jar;C:\Users\bodyo\.m2\repository\io\micrometer\micrometer-commons\1.10.2\micrometer-commons-1.10.2.jar;C:\Users\bodyo\.m2\repository\org\springframework\spring-webmvc\6.0.2\spring-webmvc-6.0.2.jar;C:\Users\bodyo\.m2\repository\org\springframework\spring-expression\6.0.2\spring-expression-6.0.2.jar;C:\Users\bodyo\.m2\repository\org\springframework\boot\spring-boot-starter-webflux\3.0.0\spring-boot-starter-webflux-3.0.0.jar;C:\Users\bodyo\.m2\repository\org\springframework\boot\spring-boot-starter-reactor-netty\3.0.0\spring-boot-starter-reactor-netty-3.0.0.jar;C:\Users\bodyo\.m2\repository\io\projectreactor\netty\reactor-netty-http\1.1.0\reactor-netty-http-1.1.0.jar;C:\Users\bodyo\.m2\repository\io\netty\netty-codec-http\4.1.85.Final\netty-codec-http-4.1.85.Final.jar;C:\Users\bodyo\.m2\repository\io\netty\netty-common\4.1.85.Final\netty-common-4.1.85.Final.jar;C:\Users\bodyo\.m2\repository\io\netty\netty-buffer\4.1.85.Final\netty-buffer-4.1.85.Final.jar;C:\Users\bodyo\.m2\repository\io\netty\netty-transport\4.1.85.Final\netty-transport-4.1.85.Final.jar;C:\Users\bodyo\.m2\repository\io\netty\netty-codec\4.1.85.Final\netty-codec-4.1.85.Final.jar;C:\Users\bodyo\.m2\repository\io\netty\netty-handler\4.1.85.Final\netty-handler-4.1.85.Final.jar;C:\Users\bodyo\.m2\repository\io\netty\netty-codec-http2\4.1.85.Final\netty-codec-http2-4.1.85.Final.jar;C:\Users\bodyo\.m2\repository\io\netty\netty-resolver-dns\4.1.85.Final\netty-resolver-dns-4.1.85.Final.jar;C:\Users\bodyo\.m2\repository\io\netty\netty-resolver\4.1.85.Final\netty-resolver-4.1.85.Final.jar;C:\Users\bodyo\.m2\repository\io\netty\netty-codec-dns\4.1.85.Final\netty-codec-dns-4.1.85.Final.jar;C:\Users\bodyo\.m2\repository\io\netty\netty-resolver-dns-native-macos\4.1.85.Final\netty-resolver-dns-native-macos-4.1.85.Final-osx-x86_64.jar;C:\Users\bodyo\.m2\repository\io\netty\netty-resolver-dns-classes-macos\4.1.85.Final\netty-resolver-dns-classes-macos-4.1.85.Final.jar;C:\Users\bodyo\.m2\repository\io\netty\netty-transport-native-epoll\4.1.85.Final\netty-transport-native-epoll-4.1.85.Final-linux-x86_64.jar;C:\Users\bodyo\.m2\repository\io\netty\netty-transport-native-unix-common\4.1.85.Final\netty-transport-native-unix-common-4.1.85.Final.jar;C:\Users\bodyo\.m2\repository\io\netty\netty-transport-classes-epoll\4.1.85.Final\netty-transport-classes-epoll-4.1.85.Final.jar;C:\Users\bodyo\.m2\repository\io\projectreactor\netty\reactor-netty-core\1.1.0\reactor-netty-core-1.1.0.jar;C:\Users\bodyo\.m2\repository\io\netty\netty-handler-proxy\4.1.85.Final\netty-handler-proxy-4.1.85.Final.jar;C:\Users\bodyo\.m2\repository\io\netty\netty-codec-socks\4.1.85.Final\netty-codec-socks-4.1.85.Final.jar;C:\Users\bodyo\.m2\repository\org\springframework\spring-webflux\6.0.2\spring-webflux-6.0.2.jar;C:\Users\bodyo\.m2\repository\com\h2database\h2\2.1.214\h2-2.1.214.jar;C:\Users\bodyo\.m2\repository\com\mysql\mysql-connector-j\8.0.31\mysql-connector-j-8.0.31.jar;C:\Users\bodyo\.m2\repository\org\springframework\boot\spring-boot-starter-test\2.5.0\spring-boot-starter-test-2.5.0.jar;C:\Users\bodyo\.m2\repository\org\springframework\boot\spring-boot-test\3.0.0\spring-boot-test-3.0.0.jar;C:\Users\bodyo\.m2\repository\org\springframework\boot\spring-boot-test-autoconfigure\3.0.0\spring-boot-test-autoconfigure-3.0.0.jar;C:\Users\bodyo\.m2\repository\com\jayway\jsonpath\json-path\2.7.0\json-path-2.7.0.jar;C:\Users\bodyo\.m2\repository\jakarta\xml\bind\jakarta.xml.bind-api\4.0.0\jakarta.xml.bind-api-4.0.0.jar;C:\Users\bodyo\.m2\repository\jakarta\activation\jakarta.activation-api\2.1.0\jakarta.activation-api-2.1.0.jar;C:\Users\bodyo\.m2\repository\org\assertj\assertj-core\3.23.1\assertj-core-3.23.1.jar;C:\Users\bodyo\.m2\repository\org\hamcrest\hamcrest\2.2\hamcrest-2.2.jar;C:\Users\bodyo\.m2\repository\org\junit\jupiter\junit-jupiter\5.9.1\junit-jupiter-5.9.1.jar;C:\Users\bodyo\.m2\repository\org\junit\jupiter\junit-jupiter-api\5.9.1\junit-jupiter-api-5.9.1.jar;C:\Users\bodyo\.m2\repository\org\opentest4j\opentest4j\1.2.0\opentest4j-1.2.0.jar;C:\Users\bodyo\.m2\repository\org\junit\platform\junit-platform-commons\1.9.1\junit-platform-commons-1.9.1.jar;C:\Users\bodyo\.m2\repository\org\apiguardian\apiguardian-api\1.1.2\apiguardian-api-1.1.2.jar;C:\Users\bodyo\.m2\repository\org\junit\jupiter\junit-jupiter-params\5.9.1\junit-jupiter-params-5.9.1.jar;C:\Users\bodyo\.m2\repository\org\junit\jupiter\junit-jupiter-engine\5.9.1\junit-jupiter-engine-5.9.1.jar;C:\Users\bodyo\.m2\repository\org\junit\platform\junit-platform-engine\1.9.1\junit-platform-engine-1.9.1.jar;C:\Users\bodyo\.m2\repository\org\mockito\mockito-core\4.8.1\mockito-core-4.8.1.jar;C:\Users\bodyo\.m2\repository\net\bytebuddy\byte-buddy-agent\1.12.19\byte-buddy-agent-1.12.19.jar;C:\Users\bodyo\.m2\repository\org\objenesis\objenesis\3.2\objenesis-3.2.jar;C:\Users\bodyo\.m2\repository\org\mockito\mockito-junit-jupiter\4.8.1\mockito-junit-jupiter-4.8.1.jar;C:\Users\bodyo\.m2\repository\org\skyscreamer\jsonassert\1.5.1\jsonassert-1.5.1.jar;C:\Users\bodyo\.m2\repository\org\springframework\spring-core\6.0.2\spring-core-6.0.2.jar;C:\Users\bodyo\.m2\repository\org\springframework\spring-jcl\6.0.2\spring-jcl-6.0.2.jar;C:\Users\bodyo\.m2\repository\org\springframework\spring-test\6.0.2\spring-test-6.0.2.jar;C:\Users\bodyo\.m2\repository\org\xmlunit\xmlunit-core\2.9.0\xmlunit-core-2.9.0.jar;C:\Users\bodyo\.m2\repository\io\projectreactor\reactor-test\3.5.0\reactor-test-3.5.0.jar;C:\Users\bodyo\.m2\repository\io\projectreactor\reactor-core\3.5.0\reactor-core-3.5.0.jar;C:\Users\bodyo\.m2\repository\org\reactivestreams\reactive-streams\1.0.4\reactive-streams-1.0.4.jar;C:\Users\bodyo\.m2\repository\org\projectlombok\lombok\1.18.24\lombok-1.18.24.jar;C:\Users\bodyo\.m2\repository\com\vaadin\external\google\android-json\0.0.20131108.vaadin1\android-json-0.0.20131108.vaadin1.jar;C:\Users\bodyo\.m2\repository\com\google\code\gson\gson\2.8.9\gson-2.8.9.jar;C:\Users\bodyo\.m2\repository\net\minidev\json-smart\2.4.8\json-smart-2.4.8.jar;C:\Users\bodyo\.m2\repository\net\minidev\accessors-smart\2.4.8\accessors-smart-2.4.8.jar;C:\Users\bodyo\.m2\repository\org\ow2\asm\asm\9.1\asm-9.1.jar;C:\Users\bodyo\.m2\repository\javax\validation\validation-api\2.0.1.Final\validation-api-2.0.1.Final.jar;C:\Users\bodyo\.m2\repository\org\hibernate\hibernate-validator\4.3.2.Final\hibernate-validator-4.3.2.Final.jar;C:\Users\bodyo\.m2\repository\org\jboss\logging\jboss-logging\3.5.0.Final\jboss-logging-3.5.0.Final.jar;C:\Users\bodyo\OneDrive\Documents\GitHub\Kickoff\kickoffBack\target\classes
Launcher Type: SUN_STANDARD

[Global flags]
     intx CICompilerCount                          = 12                                        {product} {ergonomic}
     uint ConcGCThreads                            = 3                                         {product} {ergonomic}
     uint G1ConcRefinementThreads                  = 13                                        {product} {ergonomic}
   size_t G1HeapRegionSize                         = 2097152                                   {product} {ergonomic}
    uintx GCDrainStackTargetSize                   = 64                                        {product} {ergonomic}
   size_t InitialHeapSize                          = 257949696                                 {product} {ergonomic}
   size_t MarkStackSize                            = 4194304                                   {product} {ergonomic}
   size_t MaxHeapSize                              = 4127195136                                {product} {ergonomic}
   size_t MaxNewSize                               = 2474639360                                {product} {ergonomic}
   size_t MinHeapDeltaBytes                        = 2097152                                   {product} {ergonomic}
   size_t MinHeapSize                              = 8388608                                   {product} {ergonomic}
    uintx NonNMethodCodeHeapSize                   = 7602480                                {pd product} {ergonomic}
    uintx NonProfiledCodeHeapSize                  = 122027880                              {pd product} {ergonomic}
    uintx ProfiledCodeHeapSize                     = 122027880                              {pd product} {ergonomic}
    uintx ReservedCodeCacheSize                    = 251658240                              {pd product} {ergonomic}
     bool SegmentedCodeCache                       = true                                      {product} {ergonomic}
   size_t SoftMaxHeapSize                          = 4127195136                             {manageable} {ergonomic}
     bool UseCompressedClassPointers               = true                           {product lp64_product} {ergonomic}
     bool UseCompressedOops                        = true                           {product lp64_product} {ergonomic}
     bool UseG1GC                                  = true                                      {product} {ergonomic}
     bool UseLargePagesIndividualAllocation        = false                                  {pd product} {ergonomic}

Logging:
Log output configuration:
 #0: stdout all=warning uptime,level,tags foldmultilines=false
 #1: stderr all=off uptime,level,tags foldmultilines=false

Environment Variables:
PATH=C:\Program Files\Common Files\Oracle\Java\javapath;C:\WINDOWS\system32;C:\WINDOWS;C:\WINDOWS\System32\Wbem;C:\WINDOWS\System32\WindowsPowerShell\v1.0\;C:\WINDOWS\System32\OpenSSH\;C:\Program Files (x86)\NVIDIA Corporation\PhysX\Common;C:\Program Files\NVIDIA Corporation\NVIDIA NvDLISR;C:\Program Files\dotnet\;C:\Program Files\Git\cmd;C:\Users\bodyo\AppData\Local\Microsoft\WindowsApps;C:\Program Files\JetBrains\IntelliJ IDEA 2022.3\bin;;C:\Users\bodyo\AppData\Local\GitHubDesktop\bin;C:\src\flutter\bin;C:\Program Files\Java\jdk-19\bin;C:\Program Files\JetBrains\CLion 2022.3\bin;;C:\Program Files\qemu;;C:\Users\bodyo\AppData\Local\Programs\Microsoft VS Code\bin
USERNAME=bodyo
OS=Windows_NT
PROCESSOR_IDENTIFIER=AMD64 Family 23 Model 96 Stepping 1, AuthenticAMD
TMP=C:\Users\bodyo\AppData\Local\Temp
TEMP=C:\Users\bodyo\AppData\Local\Temp



---------------  S Y S T E M  ---------------

OS:
 Windows 10 , 64 bit Build 19041 (10.0.19041.2364)
OS uptime: 1 days 6:15 hours
Hyper-V role detected

CPU: total 16 (initial active 16) (16 cores per cpu, 2 threads per core) family 23 model 96 stepping 1 microcode 0x0, cx8, cmov, fxsr, ht, mmx, 3dnowpref, sse, sse2, sse3, ssse3, sse4a, sse4.1, sse4.2, popcnt, lzcnt, tsc, tscinvbit, avx, avx2, aes, clmul, bmi1, bmi2, adx, sha, fma, vzeroupper, clflush, clflushopt, hv, rdtscp, rdpid

Memory: 4k page, system-wide physical 15741M (4610M free)
TotalPageFile size 28541M (AvailPageFile size 13589M)
current process WorkingSet (physical memory assigned to process): 197M, peak: 197M
current process commit charge ("private bytes"): 423M, peak: 425M

vm_info: Java HotSpot(TM) 64-Bit Server VM (19.0.1+10-21) for windows-amd64 JRE (19.0.1+10-21), built on 2022-09-14T12:45:06Z by "mach5one" with MS VC++ 17.1 (VS2022)

END.
